code/build/outputs/apk/manifest-merger-debug-report.txt
-- Merging decision tree log ---
manifest
ADDED from AndroidManifest.xml:1:1
	xmlns:android
		ADDED from AndroidManifest.xml:1:11
	package
		ADDED from AndroidManifest.xml:2:5
		INJECTED from AndroidManifest.xml:0:0
		INJECTED from AndroidManifest.xml:0:0
	android:versionName
		ADDED from AndroidManifest.xml:4:5
	android:versionCode
		ADDED from AndroidManifest.xml:3:5
		INJECTED from AndroidManifest.xml:0:0
		INJECTED from AndroidManifest.xml:0:0
uses-sdk
ADDED from AndroidManifest.xml:6:5
MERGED from PanoHDR:openCVLibrary2410:unspecified:7:5
	android:targetSdkVersion
		ADDED from AndroidManifest.xml:8:9
		INJECTED from AndroidManifest.xml:0:0
		INJECTED from AndroidManifest.xml:0:0
	android:minSdkVersion
		ADDED from AndroidManifest.xml:7:9
		INJECTED from AndroidManifest.xml:0:0
		INJECTED from AndroidManifest.xml:0:0
uses-permission#android.permission.WRITE_EXTERNAL_STORAGE
ADDED from AndroidManifest.xml:9:5
	android:name
		ADDED from AndroidManifest.xml:9:22
uses-permission#android.permission.CAMERA
ADDED from AndroidManifest.xml:10:5
	android:name
		ADDED from AndroidManifest.xml:10:22
uses-feature#android.hardware.camera
ADDED from AndroidManifest.xml:11:5
	android:required
		ADDED from AndroidManifest.xml:11:58
	android:name
		ADDED from AndroidManifest.xml:11:19
uses-feature#android.hardware.camera.autofocus
ADDED from AndroidManifest.xml:12:5
	android:required
		ADDED from AndroidManifest.xml:12:68
	android:name
		ADDED from AndroidManifest.xml:12:19
uses-feature#android.hardware.camera.front
ADDED from AndroidManifest.xml:13:5
	android:required
		ADDED from AndroidManifest.xml:13:64
	android:name
		ADDED from AndroidManifest.xml:13:19
uses-feature#android.hardware.camera.front.autofocus
ADDED from AndroidManifest.xml:14:5
	android:required
		ADDED from AndroidManifest.xml:14:74
	android:name
		ADDED from AndroidManifest.xml:14:19
application
ADDED from AndroidManifest.xml:16:5
	android:label
		ADDED from AndroidManifest.xml:19:9
	android:allowBackup
		ADDED from AndroidManifest.xml:17:9
	android:icon
		ADDED from AndroidManifest.xml:18:9
	android:theme
		ADDED from AndroidManifest.xml:20:9
activity#edu.stanford.cvgl.panohdr.CameraActivity
ADDED from AndroidManifest.xml:21:10
	android:screenOrientation
		ADDED from AndroidManifest.xml:24:14
	android:label
		ADDED from AndroidManifest.xml:23:14
	android:configChanges
		ADDED from AndroidManifest.xml:25:14
	android:name
		ADDED from AndroidManifest.xml:22:14
intent-filter#android.intent.action.MAIN+android.intent.category.LAUNCHER
ADDED from AndroidManifest.xml:26:14
action#android.intent.action.MAIN
ADDED from AndroidManifest.xml:27:18
	android:name
		ADDED from AndroidManifest.xml:27:26
category#android.intent.category.LAUNCHER
ADDED from AndroidManifest.xml:28:18
	android:name
		ADDED from AndroidManifest.xml:28:28